15:37:19 **** Rebuild of configuration Debug for project problem1 ****
Info: Internal Builder is used for build
gcc -O0 -g3 -Wall -c -fmessage-length=0 -o main.o "..\\main.c" 
..\main.c:8:6: warning: return type of 'main' is not 'int' [-Wmain]
 void main ()
      ^~~~
gcc -o problem1.exe main.o 
Info: Nothing to build for problem1
Info: Nothing to build for problem1
16:04:41 **** Rebuild of configuration Debug for project problem2 ****
Info: Internal Builder is used for build
gcc -O0 -g3 -Wall -c -fmessage-length=0 -o main.o "..\\main.c" 
..\main.c:8:6: warning: return type of 'main' is not 'int' [-Wmain]
 void main()
      ^~~~
gcc -o problem2.exe main.o 
Info: Nothing to build for problem2
Info: Nothing to build for problem1
16:06:19 **** Incremental Build of configuration Debug for project problem2 ****
Info: Internal Builder is used for build
gcc -O0 -g3 -Wall -c -fmessage-length=0 -o main.o "..\\main.c" 
..\main.c:8:6: warning: return type of 'main' is not 'int' [-Wmain]
 void main()
      ^~~~
..\main.c: In function 'main':
..\main.c:12:9: error: 'stdioout' undeclared (first use in this function)
  fflush(stdioout);
         ^~~~~~~~
..\main.c:12:9: note: each undeclared identifier is reported only once for each function it appears in
16:06:24 **** Incremental Build of configuration Debug for project problem2 ****
Info: Internal Builder is used for build
gcc -O0 -g3 -Wall -c -fmessage-length=0 -o main.o "..\\main.c" 
..\main.c:8:6: warning: return type of 'main' is not 'int' [-Wmain]
 void main()
      ^~~~
..\main.c: In function 'main':
..\main.c:12:9: error: 'stdioout' undeclared (first use in this function)
  fflush(stdioout);
         ^~~~~~~~
..\main.c:12:9: note: each undeclared identifier is reported only once for each function it appears in
16:06:27 **** Incremental Build of configuration Debug for project problem2 ****
Info: Internal Builder is used for build
gcc -O0 -g3 -Wall -c -fmessage-length=0 -o main.o "..\\main.c" 
..\main.c:8:6: warning: return type of 'main' is not 'int' [-Wmain]
 void main()
      ^~~~
..\main.c: In function 'main':
..\main.c:12:9: error: 'stdioout' undeclared (first use in this function)
  fflush(stdioout);
         ^~~~~~~~
..\main.c:12:9: note: each undeclared identifier is reported only once for each function it appears in
16:06:45 **** Incremental Build of configuration Debug for project problem2 ****
Info: Internal Builder is used for build
gcc -O0 -g3 -Wall -c -fmessage-length=0 -o main.o "..\\main.c" 
..\main.c:8:6: warning: return type of 'main' is not 'int' [-Wmain]
 void main()
      ^~~~
..\main.c: In function 'main':
..\main.c:12:9: error: 'stdioout' undeclared (first use in this function)
  fflush(stdioout);
         ^~~~~~~~
..\main.c:12:9: note: each undeclared identifier is reported only once for each function it appears in
Info: Nothing to build for problem1
16:07:03 **** Incremental Build of configuration Debug for project problem2 ****
Info: Internal Builder is used for build
gcc -O0 -g3 -Wall -c -fmessage-length=0 -o main.o "..\\main.c" 
..\main.c:8:6: warning: return type of 'main' is not 'int' [-Wmain]
 void main()
      ^~~~
gcc -o problem2.exe main.o 
c:/mingw/bin/../lib/gcc/mingw32/6.3.0/../../../../mingw32/bin/ld.exe: cannot open output file problem2.exe: Permission denied
collect2.exe: error: ld returned 1 exit status
16:07:06 **** Incremental Build of configuration Debug for project problem2 ****
Info: Internal Builder is used for build
gcc -o problem2.exe main.o 
c:/mingw/bin/../lib/gcc/mingw32/6.3.0/../../../../mingw32/bin/ld.exe: cannot open output file problem2.exe: Permission denied
collect2.exe: error: ld returned 1 exit status
Info: Nothing to build for problem1
16:07:29 **** Incremental Build of configuration Debug for project problem2 ****
Info: Internal Builder is used for build
gcc -O0 -g3 -Wall -c -fmessage-length=0 -o main.o "..\\main.c" 
..\main.c:8:6: warning: return type of 'main' is not 'int' [-Wmain]
 void main()
      ^~~~
gcc -o problem2.exe main.o 
c:/mingw/bin/../lib/gcc/mingw32/6.3.0/../../../../mingw32/bin/ld.exe: cannot open output file problem2.exe: Permission denied
collect2.exe: error: ld returned 1 exit status
16:07:31 **** Incremental Build of configuration Debug for project problem2 ****
Info: Internal Builder is used for build
gcc -o problem2.exe main.o 
c:/mingw/bin/../lib/gcc/mingw32/6.3.0/../../../../mingw32/bin/ld.exe: cannot open output file problem2.exe: Permission denied
collect2.exe: error: ld returned 1 exit status
Info: Nothing to build for problem1
16:08:18 **** Incremental Build of configuration Debug for project problem2 ****
Info: Internal Builder is used for build
gcc -O0 -g3 -Wall -c -fmessage-length=0 -o main.o "..\\main.c" 
..\main.c:8:6: warning: return type of 'main' is not 'int' [-Wmain]
 void main()
      ^~~~
gcc -o problem2.exe main.o 
c:/mingw/bin/../lib/gcc/mingw32/6.3.0/../../../../mingw32/bin/ld.exe: cannot open output file problem2.exe: Permission denied
collect2.exe: error: ld returned 1 exit status
16:08:20 **** Incremental Build of configuration Debug for project problem2 ****
Info: Internal Builder is used for build
gcc -o problem2.exe main.o 
c:/mingw/bin/../lib/gcc/mingw32/6.3.0/../../../../mingw32/bin/ld.exe: cannot open output file problem2.exe: Permission denied
collect2.exe: error: ld returned 1 exit status
Info: Nothing to build for problem1
16:10:11 **** Incremental Build of configuration Debug for project problem2 ****
Info: Internal Builder is used for build
gcc -O0 -g3 -Wall -c -fmessage-length=0 -o main.o "..\\main.c" 
..\main.c:8:6: warning: return type of 'main' is not 'int' [-Wmain]
 void main()
      ^~~~
gcc -o problem2.exe main.o 
c:/mingw/bin/../lib/gcc/mingw32/6.3.0/../../../../mingw32/bin/ld.exe: cannot open output file problem2.exe: Permission denied
collect2.exe: error: ld returned 1 exit status
16:10:16 **** Incremental Build of configuration Debug for project problem2 ****
Info: Internal Builder is used for build
gcc -o problem2.exe main.o 
c:/mingw/bin/../lib/gcc/mingw32/6.3.0/../../../../mingw32/bin/ld.exe: cannot open output file problem2.exe: Permission denied
collect2.exe: error: ld returned 1 exit status
Info: Nothing to build for problem1
16:11:09 **** Incremental Build of configuration Debug for project problem2 ****
Info: Internal Builder is used for build
gcc -O0 -g3 -Wall -c -fmessage-length=0 -o main.o "..\\main.c" 
..\main.c:8:6: warning: return type of 'main' is not 'int' [-Wmain]
 void main()
      ^~~~
gcc -o problem2.exe main.o 
c:/mingw/bin/../lib/gcc/mingw32/6.3.0/../../../../mingw32/bin/ld.exe: cannot open output file problem2.exe: Permission denied
collect2.exe: error: ld returned 1 exit status
16:11:12 **** Incremental Build of configuration Debug for project problem2 ****
Info: Internal Builder is used for build
gcc -o problem2.exe main.o 
c:/mingw/bin/../lib/gcc/mingw32/6.3.0/../../../../mingw32/bin/ld.exe: cannot open output file problem2.exe: Permission denied
collect2.exe: error: ld returned 1 exit status
Info: Nothing to build for problem1
16:12:39 **** Incremental Build of configuration Debug for project problem2 ****
Info: Internal Builder is used for build
gcc -O0 -g3 -Wall -c -fmessage-length=0 -o main.o "..\\main.c" 
..\main.c:8:6: warning: return type of 'main' is not 'int' [-Wmain]
 void main()
      ^~~~
gcc -o problem2.exe main.o 
c:/mingw/bin/../lib/gcc/mingw32/6.3.0/../../../../mingw32/bin/ld.exe: cannot open output file problem2.exe: Permission denied
collect2.exe: error: ld returned 1 exit status
16:12:43 **** Incremental Build of configuration Debug for project problem2 ****
Info: Internal Builder is used for build
gcc -o problem2.exe main.o 
c:/mingw/bin/../lib/gcc/mingw32/6.3.0/../../../../mingw32/bin/ld.exe: cannot open output file problem2.exe: Permission denied
collect2.exe: error: ld returned 1 exit status
Info: Nothing to build for problem1
16:14:07 **** Incremental Build of configuration Debug for project problem2 ****
Info: Internal Builder is used for build
gcc -O0 -g3 -Wall -c -fmessage-length=0 -o main.o "..\\main.c" 
..\main.c:8:6: warning: return type of 'main' is not 'int' [-Wmain]
 void main()
      ^~~~
..\main.c: In function 'main':
..\main.c:12:2: warning: implicit declaration of function 'Fflush' [-Wimplicit-function-declaration]
  Fflush(stdin);
  ^~~~~~
gcc -o problem2.exe main.o 
c:/mingw/bin/../lib/gcc/mingw32/6.3.0/../../../../mingw32/bin/ld.exe: cannot open output file problem2.exe: Permission denied
collect2.exe: error: ld returned 1 exit status
16:14:11 **** Incremental Build of configuration Debug for project problem2 ****
Info: Internal Builder is used for build
gcc -o problem2.exe main.o 
c:/mingw/bin/../lib/gcc/mingw32/6.3.0/../../../../mingw32/bin/ld.exe: cannot open output file problem2.exe: Permission denied
collect2.exe: error: ld returned 1 exit status
16:14:17 **** Incremental Build of configuration Debug for project problem2 ****
Info: Internal Builder is used for build
gcc -o problem2.exe main.o 
c:/mingw/bin/../lib/gcc/mingw32/6.3.0/../../../../mingw32/bin/ld.exe: cannot open output file problem2.exe: Permission denied
collect2.exe: error: ld returned 1 exit status
Info: Nothing to build for problem1
16:14:38 **** Incremental Build of configuration Debug for project problem2 ****
Info: Internal Builder is used for build
gcc -O0 -g3 -Wall -c -fmessage-length=0 -o main.o "..\\main.c" 
..\main.c:8:6: warning: return type of 'main' is not 'int' [-Wmain]
 void main()
      ^~~~
..\main.c: In function 'main':
..\main.c:13:2: warning: implicit declaration of function 'Fflush' [-Wimplicit-function-declaration]
  Fflush(stdout);
  ^~~~~~
gcc -o problem2.exe main.o 
c:/mingw/bin/../lib/gcc/mingw32/6.3.0/../../../../mingw32/bin/ld.exe: cannot open output file problem2.exe: Permission denied
collect2.exe: error: ld returned 1 exit status
16:14:42 **** Incremental Build of configuration Debug for project problem2 ****
Info: Internal Builder is used for build
gcc -o problem2.exe main.o 
c:/mingw/bin/../lib/gcc/mingw32/6.3.0/../../../../mingw32/bin/ld.exe: cannot open output file problem2.exe: Permission denied
collect2.exe: error: ld returned 1 exit status
Info: Nothing to build for problem1
16:19:22 **** Incremental Build of configuration Debug for project problem2 ****
Info: Internal Builder is used for build
gcc -O0 -g3 -Wall -c -fmessage-length=0 -o main.o "..\\main.c" 
..\main.c:8:6: warning: return type of 'main' is not 'int' [-Wmain]
 void main()
      ^~~~
..\main.c: In function 'main':
..\main.c:12:2: warning: implicit declaration of function 'Fflush' [-Wimplicit-function-declaration]
  Fflush(stdin);
  ^~~~~~
gcc -o problem2.exe main.o 
c:/mingw/bin/../lib/gcc/mingw32/6.3.0/../../../../mingw32/bin/ld.exe: cannot open output file problem2.exe: Permission denied
collect2.exe: error: ld returned 1 exit status
16:19:27 **** Incremental Build of configuration Debug for project problem2 ****
Info: Internal Builder is used for build
gcc -o problem2.exe main.o 
c:/mingw/bin/../lib/gcc/mingw32/6.3.0/../../../../mingw32/bin/ld.exe: cannot open output file problem2.exe: Permission denied
collect2.exe: error: ld returned 1 exit status
Info: Nothing to build for problem1
16:19:52 **** Incremental Build of configuration Debug for project problem2 ****
Info: Internal Builder is used for build
gcc -O0 -g3 -Wall -c -fmessage-length=0 -o main.o "..\\main.c" 
..\main.c:8:6: warning: return type of 'main' is not 'int' [-Wmain]
 void main()
      ^~~~
..\main.c: In function 'main':
..\main.c:10:6: warning: unused variable 'integer_number' [-Wunused-variable]
  int integer_number;
      ^~~~~~~~~~~~~~
gcc -o problem2.exe main.o 
c:/mingw/bin/../lib/gcc/mingw32/6.3.0/../../../../mingw32/bin/ld.exe: cannot open output file problem2.exe: Permission denied
collect2.exe: error: ld returned 1 exit status
16:19:55 **** Incremental Build of configuration Debug for project problem2 ****
Info: Internal Builder is used for build
gcc -o problem2.exe main.o 
c:/mingw/bin/../lib/gcc/mingw32/6.3.0/../../../../mingw32/bin/ld.exe: cannot open output file problem2.exe: Permission denied
collect2.exe: error: ld returned 1 exit status
Info: Nothing to build for problem1
16:20:11 **** Incremental Build of configuration Debug for project problem2 ****
Info: Internal Builder is used for build
gcc -O0 -g3 -Wall -c -fmessage-length=0 -o main.o "..\\main.c" 
..\main.c:8:6: warning: return type of 'main' is not 'int' [-Wmain]
 void main()
      ^~~~
gcc -o problem2.exe main.o 
c:/mingw/bin/../lib/gcc/mingw32/6.3.0/../../../../mingw32/bin/ld.exe: cannot open output file problem2.exe: Permission denied
collect2.exe: error: ld returned 1 exit status
16:20:13 **** Incremental Build of configuration Debug for project problem2 ****
Info: Internal Builder is used for build
gcc -o problem2.exe main.o 
c:/mingw/bin/../lib/gcc/mingw32/6.3.0/../../../../mingw32/bin/ld.exe: cannot open output file problem2.exe: Permission denied
collect2.exe: error: ld returned 1 exit status
Info: Nothing to build for problem1
16:20:30 **** Incremental Build of configuration Debug for project problem2 ****
Info: Internal Builder is used for build
gcc -o problem2.exe main.o 
c:/mingw/bin/../lib/gcc/mingw32/6.3.0/../../../../mingw32/bin/ld.exe: cannot open output file problem2.exe: Permission denied
collect2.exe: error: ld returned 1 exit status
16:21:15 **** Incremental Build of configuration Debug for project problem2 ****
Info: Internal Builder is used for build
gcc -o problem2.exe main.o 
c:/mingw/bin/../lib/gcc/mingw32/6.3.0/../../../../mingw32/bin/ld.exe: cannot open output file problem2.exe: Permission denied
collect2.exe: error: ld returned 1 exit status
Info: Nothing to build for problem1
16:21:33 **** Incremental Build of configuration Debug for project problem2 ****
Info: Internal Builder is used for build
gcc -o problem2.exe main.o 
c:/mingw/bin/../lib/gcc/mingw32/6.3.0/../../../../mingw32/bin/ld.exe: cannot open output file problem2.exe: Permission denied
collect2.exe: error: ld returned 1 exit status
16:21:37 **** Incremental Build of configuration Debug for project problem2 ****
Info: Internal Builder is used for build
gcc -o problem2.exe main.o 
c:/mingw/bin/../lib/gcc/mingw32/6.3.0/../../../../mingw32/bin/ld.exe: cannot open output file problem2.exe: Permission denied
collect2.exe: error: ld returned 1 exit status
Info: Nothing to build for problem1
Info: Nothing to build for problem1
16:23:52 **** Incremental Build of configuration Debug for project problem2 ****
Info: Internal Builder is used for build
gcc -O0 -g3 -Wall -c -fmessage-length=0 -o main.o "..\\main.c" 
..\main.c:8:6: warning: return type of 'main' is not 'int' [-Wmain]
 void main()
      ^~~~
gcc -o problem2.exe main.o 
c:/mingw/bin/../lib/gcc/mingw32/6.3.0/../../../../mingw32/bin/ld.exe: cannot open output file problem2.exe: Permission denied
collect2.exe: error: ld returned 1 exit status
16:23:56 **** Incremental Build of configuration Debug for project problem2 ****
Info: Internal Builder is used for build
gcc -o problem2.exe main.o 
c:/mingw/bin/../lib/gcc/mingw32/6.3.0/../../../../mingw32/bin/ld.exe: cannot open output file problem2.exe: Permission denied
collect2.exe: error: ld returned 1 exit status
16:24:10 **** Incremental Build of configuration Debug for project problem2 ****
Info: Internal Builder is used for build
gcc -O0 -g3 -Wall -c -fmessage-length=0 -o main.o "..\\main.c" 
..\main.c:8:6: warning: return type of 'main' is not 'int' [-Wmain]
 void main()
      ^~~~
gcc -o problem2.exe main.o 
c:/mingw/bin/../lib/gcc/mingw32/6.3.0/../../../../mingw32/bin/ld.exe: cannot open output file problem2.exe: Permission denied
collect2.exe: error: ld returned 1 exit status
Info: Nothing to build for problem1
16:24:16 **** Incremental Build of configuration Debug for project problem2 ****
Info: Internal Builder is used for build
gcc -o problem2.exe main.o 
c:/mingw/bin/../lib/gcc/mingw32/6.3.0/../../../../mingw32/bin/ld.exe: cannot open output file problem2.exe: Permission denied
collect2.exe: error: ld returned 1 exit status
16:24:18 **** Incremental Build of configuration Debug for project problem2 ****
Info: Internal Builder is used for build
gcc -o problem2.exe main.o 
c:/mingw/bin/../lib/gcc/mingw32/6.3.0/../../../../mingw32/bin/ld.exe: cannot open output file problem2.exe: Permission denied
collect2.exe: error: ld returned 1 exit status
Info: Nothing to build for problem1
16:27:10 **** Incremental Build of configuration Debug for project problem2 ****
Info: Internal Builder is used for build
gcc -O0 -g3 -Wall -c -fmessage-length=0 -o main.o "..\\main.c" 
..\main.c:8:6: warning: return type of 'main' is not 'int' [-Wmain]
 void main()
      ^~~~
gcc -o problem2.exe main.o 
c:/mingw/bin/../lib/gcc/mingw32/6.3.0/../../../../mingw32/bin/ld.exe: cannot open output file problem2.exe: Permission denied
collect2.exe: error: ld returned 1 exit status
16:27:15 **** Incremental Build of configuration Debug for project problem2 ****
Info: Internal Builder is used for build
gcc -o problem2.exe main.o 
c:/mingw/bin/../lib/gcc/mingw32/6.3.0/../../../../mingw32/bin/ld.exe: cannot open output file problem2.exe: Permission denied
collect2.exe: error: ld returned 1 exit status
Info: Nothing to build for problem1
16:34:51 **** Incremental Build of configuration Debug for project problem2 ****
Info: Internal Builder is used for build
gcc -o problem2.exe main.o 
c:/mingw/bin/../lib/gcc/mingw32/6.3.0/../../../../mingw32/bin/ld.exe: cannot open output file problem2.exe: Permission denied
collect2.exe: error: ld returned 1 exit status
16:34:52 **** Rebuild of configuration Debug for project problem3 ****
Info: Internal Builder is used for build
gcc -O0 -g3 -Wall -c -fmessage-length=0 -o main.o "..\\main.c" 
..\main.c:9:6: warning: return type of 'main' is not 'int' [-Wmain]
 void main ()
      ^~~~
gcc -o problem3.exe main.o 
Info: Nothing to build for problem3
Info: Nothing to build for problem1
16:37:56 **** Incremental Build of configuration Debug for project problem2 ****
Info: Internal Builder is used for build
gcc -o problem2.exe main.o 
c:/mingw/bin/../lib/gcc/mingw32/6.3.0/../../../../mingw32/bin/ld.exe: cannot open output file problem2.exe: Permission denied
collect2.exe: error: ld returned 1 exit status
16:37:57 **** Incremental Build of configuration Debug for project problem3 ****
Info: Internal Builder is used for build
gcc -O0 -g3 -Wall -c -fmessage-length=0 -o main.o "..\\main.c" 
..\main.c:9:6: warning: return type of 'main' is not 'int' [-Wmain]
 void main ()
      ^~~~
gcc -o problem3.exe main.o 
Info: Nothing to build for problem3
Info: Nothing to build for problem1
16:38:26 **** Incremental Build of configuration Debug for project problem2 ****
Info: Internal Builder is used for build
gcc -O0 -g3 -Wall -c -fmessage-length=0 -o main.o "..\\main.c" 
..\main.c:8:6: warning: return type of 'main' is not 'int' [-Wmain]
 void main()
      ^~~~
gcc -o problem2.exe main.o 
c:/mingw/bin/../lib/gcc/mingw32/6.3.0/../../../../mingw32/bin/ld.exe: cannot open output file problem2.exe: Permission denied
collect2.exe: error: ld returned 1 exit status
Info: Nothing to build for problem3
16:38:30 **** Incremental Build of configuration Debug for project problem2 ****
Info: Internal Builder is used for build
gcc -o problem2.exe main.o 
c:/mingw/bin/../lib/gcc/mingw32/6.3.0/../../../../mingw32/bin/ld.exe: cannot open output file problem2.exe: Permission denied
collect2.exe: error: ld returned 1 exit status
16:38:41 **** Incremental Build of configuration Debug for project problem2 ****
Info: Internal Builder is used for build
gcc -o problem2.exe main.o 
c:/mingw/bin/../lib/gcc/mingw32/6.3.0/../../../../mingw32/bin/ld.exe: cannot open output file problem2.exe: Permission denied
collect2.exe: error: ld returned 1 exit status
Info: Nothing to build for problem3
16:39:40 **** Incremental Build of configuration Debug for project problem2 ****
Info: Internal Builder is used for build
gcc -o problem2.exe main.o 
c:/mingw/bin/../lib/gcc/mingw32/6.3.0/../../../../mingw32/bin/ld.exe: cannot open output file problem2.exe: Permission denied
collect2.exe: error: ld returned 1 exit status
Info: Nothing to build for problem1
16:39:58 **** Incremental Build of configuration Debug for project problem2 ****
Info: Internal Builder is used for build
gcc -O0 -g3 -Wall -c -fmessage-length=0 -o main.o "..\\main.c" 
..\main.c:8:6: warning: return type of 'main' is not 'int' [-Wmain]
 void main()
      ^~~~
gcc -o problem2.exe main.o 
c:/mingw/bin/../lib/gcc/mingw32/6.3.0/../../../../mingw32/bin/ld.exe: cannot open output file problem2.exe: Permission denied
collect2.exe: error: ld returned 1 exit status
Info: Nothing to build for problem3
16:40:02 **** Incremental Build of configuration Debug for project problem2 ****
Info: Internal Builder is used for build
gcc -o problem2.exe main.o 
c:/mingw/bin/../lib/gcc/mingw32/6.3.0/../../../../mingw32/bin/ld.exe: cannot open output file problem2.exe: Permission denied
collect2.exe: error: ld returned 1 exit status
Info: Nothing to build for problem1
16:40:18 **** Incremental Build of configuration Debug for project problem2 ****
Info: Internal Builder is used for build
gcc -O0 -g3 -Wall -c -fmessage-length=0 -o main.o "..\\main.c" 
..\main.c:8:6: warning: return type of 'main' is not 'int' [-Wmain]
 void main()
      ^~~~
gcc -o problem2.exe main.o 
c:/mingw/bin/../lib/gcc/mingw32/6.3.0/../../../../mingw32/bin/ld.exe: cannot open output file problem2.exe: Permission denied
collect2.exe: error: ld returned 1 exit status
Info: Nothing to build for problem3
16:40:20 **** Incremental Build of configuration Debug for project problem2 ****
Info: Internal Builder is used for build
gcc -o problem2.exe main.o 
c:/mingw/bin/../lib/gcc/mingw32/6.3.0/../../../../mingw32/bin/ld.exe: cannot open output file problem2.exe: Permission denied
collect2.exe: error: ld returned 1 exit status
Info: Nothing to build for problem1
16:40:31 **** Incremental Build of configuration Debug for project problem2 ****
Info: Internal Builder is used for build
gcc -O0 -g3 -Wall -c -fmessage-length=0 -o main.o "..\\main.c" 
..\main.c:8:6: warning: return type of 'main' is not 'int' [-Wmain]
 void main()
      ^~~~
gcc -o problem2.exe main.o 
c:/mingw/bin/../lib/gcc/mingw32/6.3.0/../../../../mingw32/bin/ld.exe: cannot open output file problem2.exe: Permission denied
collect2.exe: error: ld returned 1 exit status
Info: Nothing to build for problem3
16:40:34 **** Incremental Build of configuration Debug for project problem2 ****
Info: Internal Builder is used for build
gcc -o problem2.exe main.o 
c:/mingw/bin/../lib/gcc/mingw32/6.3.0/../../../../mingw32/bin/ld.exe: cannot open output file problem2.exe: Permission denied
collect2.exe: error: ld returned 1 exit status
Info: Nothing to build for problem3
Info: Nothing to build for problem3
16:41:44 **** Incremental Build of configuration Debug for project problem2 ****
Info: Internal Builder is used for build
gcc -o problem2.exe main.o 
c:/mingw/bin/../lib/gcc/mingw32/6.3.0/../../../../mingw32/bin/ld.exe: cannot open output file problem2.exe: Permission denied
collect2.exe: error: ld returned 1 exit status
Info: Nothing to build for problem1
16:46:11 **** Incremental Build of configuration Debug for project problem2 ****
Info: Internal Builder is used for build
gcc -o problem2.exe main.o 
c:/mingw/bin/../lib/gcc/mingw32/6.3.0/../../../../mingw32/bin/ld.exe: cannot open output file problem2.exe: Permission denied
collect2.exe: error: ld returned 1 exit status
Info: Nothing to build for problem3
16:46:12 **** Rebuild of configuration Debug for project problem4 ****
Info: Internal Builder is used for build
gcc -O0 -g3 -Wall -c -fmessage-length=0 -o main.o "..\\main.c" 
gcc -o problem4.exe main.o 
c:/mingw/bin/../lib/gcc/mingw32/6.3.0/../../../libmingw32.a(main.o):(.text.startup+0xa0): undefined reference to `WinMain@16'
collect2.exe: error: ld returned 1 exit status
Info: Nothing to build for problem1
16:51:39 **** Incremental Build of configuration Debug for project problem2 ****
Info: Internal Builder is used for build
gcc -o problem2.exe main.o 
c:/mingw/bin/../lib/gcc/mingw32/6.3.0/../../../../mingw32/bin/ld.exe: cannot open output file problem2.exe: Permission denied
collect2.exe: error: ld returned 1 exit status
Info: Nothing to build for problem3
16:51:40 **** Incremental Build of configuration Debug for project problem4 ****
Info: Internal Builder is used for build
gcc -O0 -g3 -Wall -c -fmessage-length=0 -o main.o "..\\main.c" 
..\main.c:9:6: warning: return type of 'main' is not 'int' [-Wmain]
 void main ()
      ^~~~
..\main.c: In function 'main':
..\main.c:13:9: warning: missing terminating " character
  printf("Enter two numbers: );
         ^
..\main.c:13:9: error: missing terminating " character
  printf("Enter two numbers: );
         ^~~~~~~~~~~~~~~~~~~~~~
..\main.c:14:15: error: expected ')' before ';' token
  fflush(stdin); fflush(stdout);
               ^
..\main.c:14:2: warning: passing argument 1 of 'printf' makes pointer from integer without a cast [-Wint-conversion]
  fflush(stdin); fflush(stdout);
  ^~~~~~
In file included from ..\main.c:8:0:
c:\mingw\include\stdio.h:454:38: note: expected 'const char *' but argument is of type 'int'
 _CRTIMP __cdecl __MINGW_NOTHROW  int printf (const char *, ...);
                                      ^~~~~~
..\main.c:18:1: error: expected ';' before '}' token
 }
 ^
..\main.c:12:8: warning: unused variable 'result' [-Wunused-variable]
  float result;
        ^~~~~~
..\main.c:11:21: warning: unused variable 'second_number' [-Wunused-variable]
  float first_number,second_number;
                     ^~~~~~~~~~~~~
..\main.c:11:8: warning: unused variable 'first_number' [-Wunused-variable]
  float first_number,second_number;
        ^~~~~~~~~~~~
Info: Nothing to build for problem1
16:51:57 **** Incremental Build of configuration Debug for project problem2 ****
Info: Internal Builder is used for build
gcc -o problem2.exe main.o 
c:/mingw/bin/../lib/gcc/mingw32/6.3.0/../../../../mingw32/bin/ld.exe: cannot open output file problem2.exe: Permission denied
collect2.exe: error: ld returned 1 exit status
Info: Nothing to build for problem3
16:51:57 **** Incremental Build of configuration Debug for project problem4 ****
Info: Internal Builder is used for build
gcc -O0 -g3 -Wall -c -fmessage-length=0 -o main.o "..\\main.c" 
..\main.c:9:6: warning: return type of 'main' is not 'int' [-Wmain]
 void main ()
      ^~~~
..\main.c: In function 'main':
..\main.c:13:9: warning: missing terminating " character
  printf("Enter two numbers: );
         ^
..\main.c:13:9: error: missing terminating " character
  printf("Enter two numbers: );
         ^~~~~~~~~~~~~~~~~~~~~~
..\main.c:14:15: error: expected ')' before ';' token
  fflush(stdin); fflush(stdout);
               ^
..\main.c:14:2: warning: passing argument 1 of 'printf' makes pointer from integer without a cast [-Wint-conversion]
  fflush(stdin); fflush(stdout);
  ^~~~~~
In file included from ..\main.c:8:0:
c:\mingw\include\stdio.h:454:38: note: expected 'const char *' but argument is of type 'int'
 _CRTIMP __cdecl __MINGW_NOTHROW  int printf (const char *, ...);
                                      ^~~~~~
..\main.c:18:1: error: expected ';' before '}' token
 }
 ^
..\main.c:12:8: warning: unused variable 'result' [-Wunused-variable]
  float result;
        ^~~~~~
..\main.c:11:21: warning: unused variable 'second_number' [-Wunused-variable]
  float first_number,second_number;
                     ^~~~~~~~~~~~~
..\main.c:11:8: warning: unused variable 'first_number' [-Wunused-variable]
  float first_number,second_number;
        ^~~~~~~~~~~~
Info: Nothing to build for problem1
16:54:13 **** Incremental Build of configuration Debug for project problem2 ****
Info: Internal Builder is used for build
gcc -o problem2.exe main.o 
c:/mingw/bin/../lib/gcc/mingw32/6.3.0/../../../../mingw32/bin/ld.exe: cannot open output file problem2.exe: Permission denied
collect2.exe: error: ld returned 1 exit status
Info: Nothing to build for problem3
16:54:13 **** Incremental Build of configuration Debug for project problem4 ****
Info: Internal Builder is used for build
gcc -O0 -g3 -Wall -c -fmessage-length=0 -o main.o "..\\main.c" 
..\main.c:9:6: warning: return type of 'main' is not 'int' [-Wmain]
 void main ()
      ^~~~
gcc -o problem4.exe main.o 
Info: Nothing to build for problem4
Info: Nothing to build for problem4
Info: Nothing to build for problem1
17:05:08 **** Incremental Build of configuration Debug for project problem2 ****
Info: Internal Builder is used for build
gcc -o problem2.exe main.o 
c:/mingw/bin/../lib/gcc/mingw32/6.3.0/../../../../mingw32/bin/ld.exe: cannot open output file problem2.exe: Permission denied
collect2.exe: error: ld returned 1 exit status
Info: Nothing to build for problem3
Info: Nothing to build for problem4
17:05:09 **** Rebuild of configuration Debug for project problem5 ****
Info: Internal Builder is used for build
gcc -O0 -g3 -Wall -c -fmessage-length=0 -o main.o "..\\main.c" 
..\main.c:8:6: warning: return type of 'main' is not 'int' [-Wmain]
 void main()
      ^~~~
gcc -o problem5.exe main.o 
Info: Nothing to build for problem5
Info: Nothing to build for problem5
Info: Nothing to build for problem5
Info: Nothing to build for problem1
17:13:09 **** Incremental Build of configuration Debug for project problem2 ****
Info: Internal Builder is used for build
gcc -o problem2.exe main.o 
c:/mingw/bin/../lib/gcc/mingw32/6.3.0/../../../../mingw32/bin/ld.exe: cannot open output file problem2.exe: Permission denied
collect2.exe: error: ld returned 1 exit status
Info: Nothing to build for problem3
Info: Nothing to build for problem4
Info: Nothing to build for problem5
17:13:10 **** Rebuild of configuration Debug for project problem6 ****
Info: Internal Builder is used for build
gcc -O0 -g3 -Wall -c -fmessage-length=0 -o main.o "..\\main.c" 
..\main.c:8:17: fatal error: stdio: No such file or directory
 #include <stdio>
                 ^
compilation terminated.
Info: Nothing to build for problem1
17:13:42 **** Incremental Build of configuration Debug for project problem2 ****
Info: Internal Builder is used for build
gcc -o problem2.exe main.o 
c:/mingw/bin/../lib/gcc/mingw32/6.3.0/../../../../mingw32/bin/ld.exe: cannot open output file problem2.exe: Permission denied
collect2.exe: error: ld returned 1 exit status
Info: Nothing to build for problem3
Info: Nothing to build for problem4
Info: Nothing to build for problem5
17:13:43 **** Incremental Build of configuration Debug for project problem6 ****
Info: Internal Builder is used for build
gcc -O0 -g3 -Wall -c -fmessage-length=0 -o main.o "..\\main.c" 
..\main.c:8:17: fatal error: stdio: No such file or directory
 #include <stdio>
                 ^
compilation terminated.
Info: Nothing to build for problem1
17:14:02 **** Incremental Build of configuration Debug for project problem2 ****
Info: Internal Builder is used for build
gcc -o problem2.exe main.o 
c:/mingw/bin/../lib/gcc/mingw32/6.3.0/../../../../mingw32/bin/ld.exe: cannot open output file problem2.exe: Permission denied
collect2.exe: error: ld returned 1 exit status
Info: Nothing to build for problem3
Info: Nothing to build for problem4
Info: Nothing to build for problem5
17:14:03 **** Incremental Build of configuration Debug for project problem6 ****
Info: Internal Builder is used for build
gcc -O0 -g3 -Wall -c -fmessage-length=0 -o main.o "..\\main.c" 
..\main.c:9:6: warning: return type of 'main' is not 'int' [-Wmain]
 void main ()
      ^~~~
..\main.c: In function 'main':
..\main.c:18:9: warning: too many arguments for format [-Wformat-extra-args]
  printf("After swapping, value of a = ",b);
         ^~~~~~~~~~~~~~~~~~~~~~~~~~~~~~~
..\main.c:19:9: warning: too many arguments for format [-Wformat-extra-args]
  printf("After swapping, value of b = ",a);
         ^~~~~~~~~~~~~~~~~~~~~~~~~~~~~~~
gcc -o problem6.exe main.o 
Info: Nothing to build for problem6
Info: Nothing to build for problem1
17:14:43 **** Incremental Build of configuration Debug for project problem2 ****
Info: Internal Builder is used for build
gcc -o problem2.exe main.o 
c:/mingw/bin/../lib/gcc/mingw32/6.3.0/../../../../mingw32/bin/ld.exe: cannot open output file problem2.exe: Permission denied
collect2.exe: error: ld returned 1 exit status
Info: Nothing to build for problem3
Info: Nothing to build for problem4
Info: Nothing to build for problem5
17:14:44 **** Incremental Build of configuration Debug for project problem6 ****
Info: Internal Builder is used for build
gcc -O0 -g3 -Wall -c -fmessage-length=0 -o main.o "..\\main.c" 
..\main.c:9:6: warning: return type of 'main' is not 'int' [-Wmain]
 void main ()
      ^~~~
gcc -o problem6.exe main.o 
Info: Nothing to build for problem6
Info: Nothing to build for problem1
17:15:13 **** Incremental Build of configuration Debug for project problem2 ****
Info: Internal Builder is used for build
gcc -o problem2.exe main.o 
c:/mingw/bin/../lib/gcc/mingw32/6.3.0/../../../../mingw32/bin/ld.exe: cannot open output file problem2.exe: Permission denied
collect2.exe: error: ld returned 1 exit status
Info: Nothing to build for problem3
Info: Nothing to build for problem4
Info: Nothing to build for problem5
17:15:14 **** Incremental Build of configuration Debug for project problem6 ****
Info: Internal Builder is used for build
gcc -O0 -g3 -Wall -c -fmessage-length=0 -o main.o "..\\main.c" 
..\main.c:9:6: warning: return type of 'main' is not 'int' [-Wmain]
 void main ()
      ^~~~
gcc -o problem6.exe main.o 
Info: Nothing to build for problem6
